# JRE version: OpenJDK Runtime Environment Temurin-17.0.5+8 (17.0.5+8) (build 17.0.5+8)
# Java VM: OpenJDK 64-Bit Server VM Temurin-17.0.5+8 (17.0.5+8, mixed mode, tiered, compressed oops, compressed class ptrs, parallel gc, windows-amd64)
GC Precious Log:
 CPUs: 4 total, 4 available
 Memory: 3982M
 Large Page Support: Disabled
 NUMA Support: Disabled
 Compressed Oops: Enabled (32-bit)
 Alignments: Space 512K, Generation 512K, Heap 2M
 Heap Min Capacity: 100M
 Heap Initial Capacity: 100M
 Heap Max Capacity: 1G
 Pre-touch: Disabled
 Parallel Workers: 4
Heap:
 PSYoungGen      total 22528K, used 14283K [0x00000000eab00000, 0x00000000ec400000, 0x0000000100000000)
  eden space 22016K, 62% used [0x00000000eab00000,0x00000000eb873110,0x00000000ec080000)
  from space 512K, 99% used [0x00000000ec380000,0x00000000ec3ffed0,0x00000000ec400000)
  to   space 1536K, 0% used [0x00000000ec100000,0x00000000ec100000,0x00000000ec280000)
 ParOldGen       total 68608K, used 44777K [0x00000000c0000000, 0x00000000c4300000, 0x00000000eab00000)
  object space 68608K, 65% used [0x00000000c0000000,0x00000000c2bba738,0x00000000c4300000)
 Metaspace       used 64410K, committed 65408K, reserved 1114112K
  class space    used 7820K, committed 8256K, reserved 1048576K
GC Heap History (20 events):
Event: 151.481 GC heap before
{Heap before GC invocations=60 (full 3):
 PSYoungGen      total 22528K, used 22112K [0x00000000eab00000, 0x00000000ec400000, 0x0000000100000000)
  eden space 22016K, 100% used [0x00000000eab00000,0x00000000ec080000,0x00000000ec080000)
  from space 512K, 18% used [0x00000000ec380000,0x00000000ec398000,0x00000000ec400000)
  to   space 512K, 0% used [0x00000000ec180000,0x00000000ec180000,0x00000000ec200000)
 ParOldGen       total 68608K, used 43707K [0x00000000c0000000, 0x00000000c4300000, 0x00000000eab00000)
  object space 68608K, 63% used [0x00000000c0000000,0x00000000c2aaee50,0x00000000c4300000)
 Metaspace       used 60889K, committed 61760K, reserved 1105920K
  class space    used 7434K, committed 7872K, reserved 1048576K
}
Event: 151.483 GC heap after
{Heap after GC invocations=60 (full 3):
 PSYoungGen      total 22528K, used 247K [0x00000000eab00000, 0x00000000ec400000, 0x0000000100000000)
  eden space 22016K, 0% used [0x00000000eab00000,0x00000000eab00000,0x00000000ec080000)
  from space 512K, 48% used [0x00000000ec180000,0x00000000ec1bdce8,0x00000000ec200000)
  to   space 512K, 0% used [0x00000000ec380000,0x00000000ec380000,0x00000000ec400000)
 ParOldGen       total 68608K, used 43715K [0x00000000c0000000, 0x00000000c4300000, 0x00000000eab00000)
  object space 68608K, 63% used [0x00000000c0000000,0x00000000c2ab0e50,0x00000000c4300000)
 Metaspace       used 60889K, committed 61760K, reserved 1105920K
  class space    used 7434K, committed 7872K, reserved 1048576K
}
Event: 152.733 GC heap before
{Heap before GC invocations=61 (full 3):
 PSYoungGen      total 22528K, used 22263K [0x00000000eab00000, 0x00000000ec400000, 0x0000000100000000)
  eden space 22016K, 100% used [0x00000000eab00000,0x00000000ec080000,0x00000000ec080000)
  from space 512K, 48% used [0x00000000ec180000,0x00000000ec1bdce8,0x00000000ec200000)
  to   space 512K, 0% used [0x00000000ec380000,0x00000000ec380000,0x00000000ec400000)
 ParOldGen       total 68608K, used 43715K [0x00000000c0000000, 0x00000000c4300000, 0x00000000eab00000)
  object space 68608K, 63% used [0x00000000c0000000,0x00000000c2ab0e50,0x00000000c4300000)
 Metaspace       used 60896K, committed 61760K, reserved 1105920K
  class space    used 7434K, committed 7872K, reserved 1048576K
}
Event: 152.734 GC heap after
{Heap after GC invocations=61 (full 3):
 PSYoungGen      total 22528K, used 96K [0x00000000eab00000, 0x00000000ec400000, 0x0000000100000000)
  eden space 22016K, 0% used [0x00000000eab00000,0x00000000eab00000,0x00000000ec080000)
  from space 512K, 18% used [0x00000000ec380000,0x00000000ec398000,0x00000000ec400000)
  to   space 512K, 0% used [0x00000000ec180000,0x00000000ec180000,0x00000000ec200000)
 ParOldGen       total 68608K, used 43890K [0x00000000c0000000, 0x00000000c4300000, 0x00000000eab00000)
  object space 68608K, 63% used [0x00000000c0000000,0x00000000c2adcb78,0x00000000c4300000)
 Metaspace       used 60896K, committed 61760K, reserved 1105920K
  class space    used 7434K, committed 7872K, reserved 1048576K
}
Event: 153.889 GC heap before
{Heap before GC invocations=62 (full 3):
 PSYoungGen      total 22528K, used 22112K [0x00000000eab00000, 0x00000000ec400000, 0x0000000100000000)
  eden space 22016K, 100% used [0x00000000eab00000,0x00000000ec080000,0x00000000ec080000)
  from space 512K, 18% used [0x00000000ec380000,0x00000000ec398000,0x00000000ec400000)
  to   space 512K, 0% used [0x00000000ec180000,0x00000000ec180000,0x00000000ec200000)
 ParOldGen       total 68608K, used 43890K [0x00000000c0000000, 0x00000000c4300000, 0x00000000eab00000)
  object space 68608K, 63% used [0x00000000c0000000,0x00000000c2adcb78,0x00000000c4300000)
 Metaspace       used 60906K, committed 61824K, reserved 1105920K
  class space    used 7434K, committed 7872K, reserved 1048576K
}
Event: 153.890 GC heap after
{Heap after GC invocations=62 (full 3):
 PSYoungGen      total 22528K, used 128K [0x00000000eab00000, 0x00000000ec400000, 0x0000000100000000)
  eden space 22016K, 0% used [0x00000000eab00000,0x00000000eab00000,0x00000000ec080000)
  from space 512K, 25% used [0x00000000ec180000,0x00000000ec1a0000,0x00000000ec200000)
  to   space 512K, 0% used [0x00000000ec380000,0x00000000ec380000,0x00000000ec400000)
 ParOldGen       total 68608K, used 43898K [0x00000000c0000000, 0x00000000c4300000, 0x00000000eab00000)
  object space 68608K, 63% used [0x00000000c0000000,0x00000000c2adeb78,0x00000000c4300000)
 Metaspace       used 60906K, committed 61824K, reserved 1105920K
  class space    used 7434K, committed 7872K, reserved 1048576K
}
Event: 154.771 GC heap before
{Heap before GC invocations=63 (full 3):
 PSYoungGen      total 22528K, used 22144K [0x00000000eab00000, 0x00000000ec400000, 0x0000000100000000)
  eden space 22016K, 100% used [0x00000000eab00000,0x00000000ec080000,0x00000000ec080000)
  from space 512K, 25% used [0x00000000ec180000,0x00000000ec1a0000,0x00000000ec200000)
  to   space 512K, 0% used [0x00000000ec380000,0x00000000ec380000,0x00000000ec400000)
 ParOldGen       total 68608K, used 43898K [0x00000000c0000000, 0x00000000c4300000, 0x00000000eab00000)
  object space 68608K, 63% used [0x00000000c0000000,0x00000000c2adeb78,0x00000000c4300000)
 Metaspace       used 60907K, committed 61824K, reserved 1105920K
  class space    used 7434K, committed 7872K, reserved 1048576K
}
Event: 154.772 GC heap after
{Heap after GC invocations=63 (full 3):
 PSYoungGen      total 22528K, used 128K [0x00000000eab00000, 0x00000000ec400000, 0x0000000100000000)
  eden space 22016K, 0% used [0x00000000eab00000,0x00000000eab00000,0x00000000ec080000)
  from space 512K, 25% used [0x00000000ec380000,0x00000000ec3a0000,0x00000000ec400000)
  to   space 512K, 0% used [0x00000000ec180000,0x00000000ec180000,0x00000000ec200000)
 ParOldGen       total 68608K, used 43898K [0x00000000c0000000, 0x00000000c4300000, 0x00000000eab00000)
  object space 68608K, 63% used [0x00000000c0000000,0x00000000c2adeb78,0x00000000c4300000)
 Metaspace       used 60907K, committed 61824K, reserved 1105920K
  class space    used 7434K, committed 7872K, reserved 1048576K
}
Event: 155.513 GC heap before
{Heap before GC invocations=64 (full 3):
 PSYoungGen      total 22528K, used 22144K [0x00000000eab00000, 0x00000000ec400000, 0x0000000100000000)
  eden space 22016K, 100% used [0x00000000eab00000,0x00000000ec080000,0x00000000ec080000)
  from space 512K, 25% used [0x00000000ec380000,0x00000000ec3a0000,0x00000000ec400000)
  to   space 512K, 0% used [0x00000000ec180000,0x00000000ec180000,0x00000000ec200000)
 ParOldGen       total 68608K, used 43898K [0x00000000c0000000, 0x00000000c4300000, 0x00000000eab00000)
  object space 68608K, 63% used [0x00000000c0000000,0x00000000c2adeb78,0x00000000c4300000)
 Metaspace       used 60909K, committed 61824K, reserved 1105920K
  class space    used 7434K, committed 7872K, reserved 1048576K
}
Event: 155.513 GC heap after
{Heap after GC invocations=64 (full 3):
 PSYoungGen      total 22528K, used 128K [0x00000000eab00000, 0x00000000ec400000, 0x0000000100000000)
  eden space 22016K, 0% used [0x00000000eab00000,0x00000000eab00000,0x00000000ec080000)
  from space 512K, 25% used [0x00000000ec180000,0x00000000ec1a0000,0x00000000ec200000)
  to   space 512K, 0% used [0x00000000ec380000,0x00000000ec380000,0x00000000ec400000)
 ParOldGen       total 68608K, used 43922K [0x00000000c0000000, 0x00000000c4300000, 0x00000000eab00000)
  object space 68608K, 64% used [0x00000000c0000000,0x00000000c2ae4b78,0x00000000c4300000)
 Metaspace       used 60909K, committed 61824K, reserved 1105920K
  class space    used 7434K, committed 7872K, reserved 1048576K
}
Event: 156.092 GC heap before
{Heap before GC invocations=65 (full 3):
 PSYoungGen      total 22528K, used 22143K [0x00000000eab00000, 0x00000000ec400000, 0x0000000100000000)
  eden space 22016K, 99% used [0x00000000eab00000,0x00000000ec07fff8,0x00000000ec080000)
  from space 512K, 25% used [0x00000000ec180000,0x00000000ec1a0000,0x00000000ec200000)
  to   space 512K, 0% used [0x00000000ec380000,0x00000000ec380000,0x00000000ec400000)
 ParOldGen       total 68608K, used 43922K [0x00000000c0000000, 0x00000000c4300000, 0x00000000eab00000)
  object space 68608K, 64% used [0x00000000c0000000,0x00000000c2ae4b78,0x00000000c4300000)
 Metaspace       used 60909K, committed 61824K, reserved 1105920K
  class space    used 7434K, committed 7872K, reserved 1048576K
}
Event: 156.094 GC heap after
{Heap after GC invocations=65 (full 3):
 PSYoungGen      total 22528K, used 128K [0x00000000eab00000, 0x00000000ec400000, 0x0000000100000000)
  eden space 22016K, 0% used [0x00000000eab00000,0x00000000eab00000,0x00000000ec080000)
  from space 512K, 25% used [0x00000000ec380000,0x00000000ec3a0000,0x00000000ec400000)
  to   space 512K, 0% used [0x00000000ec180000,0x00000000ec180000,0x00000000ec200000)
 ParOldGen       total 68608K, used 43946K [0x00000000c0000000, 0x00000000c4300000, 0x00000000eab00000)
  object space 68608K, 64% used [0x00000000c0000000,0x00000000c2aeab78,0x00000000c4300000)
 Metaspace       used 60909K, committed 61824K, reserved 1105920K
  class space    used 7434K, committed 7872K, reserved 1048576K
}
Event: 156.887 GC heap before
{Heap before GC invocations=66 (full 3):
 PSYoungGen      total 22528K, used 22144K [0x00000000eab00000, 0x00000000ec400000, 0x0000000100000000)
  eden space 22016K, 100% used [0x00000000eab00000,0x00000000ec080000,0x00000000ec080000)
  from space 512K, 25% used [0x00000000ec380000,0x00000000ec3a0000,0x00000000ec400000)
  to   space 512K, 0% used [0x00000000ec180000,0x00000000ec180000,0x00000000ec200000)
 ParOldGen       total 68608K, used 43946K [0x00000000c0000000, 0x00000000c4300000, 0x00000000eab00000)
  object space 68608K, 64% used [0x00000000c0000000,0x00000000c2aeab78,0x00000000c4300000)
 Metaspace       used 60913K, committed 61824K, reserved 1105920K
  class space    used 7434K, committed 7872K, reserved 1048576K
}
Event: 156.888 GC heap after
{Heap after GC invocations=66 (full 3):
 PSYoungGen      total 22528K, used 128K [0x00000000eab00000, 0x00000000ec400000, 0x0000000100000000)
  eden space 22016K, 0% used [0x00000000eab00000,0x00000000eab00000,0x00000000ec080000)
  from space 512K, 25% used [0x00000000ec180000,0x00000000ec1a0000,0x00000000ec200000)
  to   space 512K, 0% used [0x00000000ec380000,0x00000000ec380000,0x00000000ec400000)
 ParOldGen       total 68608K, used 43946K [0x00000000c0000000, 0x00000000c4300000, 0x00000000eab00000)
  object space 68608K, 64% used [0x00000000c0000000,0x00000000c2aeab78,0x00000000c4300000)
 Metaspace       used 60913K, committed 61824K, reserved 1105920K
  class space    used 7434K, committed 7872K, reserved 1048576K
}
Event: 157.623 GC heap before
{Heap before GC invocations=67 (full 3):
 PSYoungGen      total 22528K, used 22144K [0x00000000eab00000, 0x00000000ec400000, 0x0000000100000000)
  eden space 22016K, 100% used [0x00000000eab00000,0x00000000ec080000,0x00000000ec080000)
  from space 512K, 25% used [0x00000000ec180000,0x00000000ec1a0000,0x00000000ec200000)
  to   space 512K, 0% used [0x00000000ec380000,0x00000000ec380000,0x00000000ec400000)
 ParOldGen       total 68608K, used 43946K [0x00000000c0000000, 0x00000000c4300000, 0x00000000eab00000)
  object space 68608K, 64% used [0x00000000c0000000,0x00000000c2aeab78,0x00000000c4300000)
 Metaspace       used 60914K, committed 61824K, reserved 1105920K
  class space    used 7434K, committed 7872K, reserved 1048576K
}
Event: 157.624 GC heap after
{Heap after GC invocations=67 (full 3):
 PSYoungGen      total 22528K, used 128K [0x00000000eab00000, 0x00000000ec400000, 0x0000000100000000)
  eden space 22016K, 0% used [0x00000000eab00000,0x00000000eab00000,0x00000000ec080000)
  from space 512K, 25% used [0x00000000ec380000,0x00000000ec3a0000,0x00000000ec400000)
  to   space 512K, 0% used [0x00000000ec180000,0x00000000ec180000,0x00000000ec200000)
 ParOldGen       total 68608K, used 43954K [0x00000000c0000000, 0x00000000c4300000, 0x00000000eab00000)
  object space 68608K, 64% used [0x00000000c0000000,0x00000000c2aecb78,0x00000000c4300000)
 Metaspace       used 60914K, committed 61824K, reserved 1105920K
  class space    used 7434K, committed 7872K, reserved 1048576K
}
Event: 161.123 GC heap before
{Heap before GC invocations=68 (full 3):
 PSYoungGen      total 22528K, used 22140K [0x00000000eab00000, 0x00000000ec400000, 0x0000000100000000)
  eden space 22016K, 99% used [0x00000000eab00000,0x00000000ec07f068,0x00000000ec080000)
  from space 512K, 25% used [0x00000000ec380000,0x00000000ec3a0000,0x00000000ec400000)
  to   space 512K, 0% used [0x00000000ec180000,0x00000000ec180000,0x00000000ec200000)
 ParOldGen       total 68608K, used 43954K [0x00000000c0000000, 0x00000000c4300000, 0x00000000eab00000)
  object space 68608K, 64% used [0x00000000c0000000,0x00000000c2aecb78,0x00000000c4300000)
 Metaspace       used 61525K, committed 62464K, reserved 1105920K
  class space    used 7512K, committed 7936K, reserved 1048576K
}
Event: 161.124 GC heap after
{Heap after GC invocations=68 (full 3):
 PSYoungGen      total 22528K, used 320K [0x00000000eab00000, 0x00000000ec400000, 0x0000000100000000)
  eden space 22016K, 0% used [0x00000000eab00000,0x00000000eab00000,0x00000000ec080000)
  from space 512K, 62% used [0x00000000ec180000,0x00000000ec1d0000,0x00000000ec200000)
  to   space 512K, 0% used [0x00000000ec380000,0x00000000ec380000,0x00000000ec400000)
 ParOldGen       total 68608K, used 43962K [0x00000000c0000000, 0x00000000c4300000, 0x00000000eab00000)
  object space 68608K, 64% used [0x00000000c0000000,0x00000000c2aeeb78,0x00000000c4300000)
 Metaspace       used 61525K, committed 62464K, reserved 1105920K
  class space    used 7512K, committed 7936K, reserved 1048576K
}
Event: 162.015 GC heap before
{Heap before GC invocations=69 (full 3):
 PSYoungGen      total 22528K, used 22336K [0x00000000eab00000, 0x00000000ec400000, 0x0000000100000000)
  eden space 22016K, 100% used [0x00000000eab00000,0x00000000ec080000,0x00000000ec080000)
  from space 512K, 62% used [0x00000000ec180000,0x00000000ec1d0000,0x00000000ec200000)
  to   space 512K, 0% used [0x00000000ec380000,0x00000000ec380000,0x00000000ec400000)
 ParOldGen       total 68608K, used 43962K [0x00000000c0000000, 0x00000000c4300000, 0x00000000eab00000)
  object space 68608K, 64% used [0x00000000c0000000,0x00000000c2aeeb78,0x00000000c4300000)
 Metaspace       used 62319K, committed 63360K, reserved 1105920K
  class space    used 7596K, committed 8064K, reserved 1048576K
}
Event: 162.021 GC heap after
{Heap after GC invocations=69 (full 3):
 PSYoungGen      total 22528K, used 511K [0x00000000eab00000, 0x00000000ec400000, 0x0000000100000000)
  eden space 22016K, 0% used [0x00000000eab00000,0x00000000eab00000,0x00000000ec080000)
  from space 512K, 99% used [0x00000000ec380000,0x00000000ec3ffed0,0x00000000ec400000)
  to   space 1536K, 0% used [0x00000000ec100000,0x00000000ec100000,0x00000000ec280000)
 ParOldGen       total 68608K, used 44777K [0x00000000c0000000, 0x00000000c4300000, 0x00000000eab00000)
  object space 68608K, 65% used [0x00000000c0000000,0x00000000c2bba738,0x00000000c4300000)
 Metaspace       used 62319K, committed 63360K, reserved 1105920K
  class space    used 7596K, committed 8064K, reserved 1048576K
}

