# JRE version: OpenJDK Runtime Environment Temurin-17.0.5+8 (17.0.5+8) (build 17.0.5+8)
# Java VM: OpenJDK 64-Bit Server VM Temurin-17.0.5+8 (17.0.5+8, mixed mode, tiered, compressed oops, compressed class ptrs, parallel gc, windows-amd64)
GC Precious Log:
 CPUs: 4 total, 4 available
 Memory: 3982M
 Large Page Support: Disabled
 NUMA Support: Disabled
 Compressed Oops: Enabled (32-bit)
 Alignments: Space 512K, Generation 512K, Heap 2M
 Heap Min Capacity: 100M
 Heap Initial Capacity: 100M
 Heap Max Capacity: 1G
 Pre-touch: Disabled
 Parallel Workers: 4
Heap:
 PSYoungGen      total 16896K, used 14636K [0x00000000eab00000, 0x00000000ebf00000, 0x0000000100000000)
  eden space 16384K, 88% used [0x00000000eab00000,0x00000000eb9332b8,0x00000000ebb00000)
  from space 512K, 18% used [0x00000000ebe80000,0x00000000ebe98000,0x00000000ebf00000)
  to   space 512K, 0% used [0x00000000ebe00000,0x00000000ebe00000,0x00000000ebe80000)
 ParOldGen       total 68608K, used 42963K [0x00000000c0000000, 0x00000000c4300000, 0x00000000eab00000)
  object space 68608K, 62% used [0x00000000c0000000,0x00000000c29f4ed8,0x00000000c4300000)
 Metaspace       used 60494K, committed 61504K, reserved 1105920K
  class space    used 7420K, committed 7872K, reserved 1048576K
GC Heap History (20 events):
Event: 65.058 GC heap before
{Heap before GC invocations=42 (full 3):
 PSYoungGen      total 16896K, used 16480K [0x00000000eab00000, 0x00000000ebf00000, 0x0000000100000000)
  eden space 16384K, 100% used [0x00000000eab00000,0x00000000ebb00000,0x00000000ebb00000)
  from space 512K, 18% used [0x00000000ebe80000,0x00000000ebe98000,0x00000000ebf00000)
  to   space 512K, 0% used [0x00000000ebe00000,0x00000000ebe00000,0x00000000ebe80000)
 ParOldGen       total 68608K, used 42811K [0x00000000c0000000, 0x00000000c4300000, 0x00000000eab00000)
  object space 68608K, 62% used [0x00000000c0000000,0x00000000c29ceed8,0x00000000c4300000)
 Metaspace       used 60055K, committed 61056K, reserved 1105920K
  class space    used 7349K, committed 7808K, reserved 1048576K
}
Event: 65.058 GC heap after
{Heap after GC invocations=42 (full 3):
 PSYoungGen      total 16896K, used 96K [0x00000000eab00000, 0x00000000ebf00000, 0x0000000100000000)
  eden space 16384K, 0% used [0x00000000eab00000,0x00000000eab00000,0x00000000ebb00000)
  from space 512K, 18% used [0x00000000ebe00000,0x00000000ebe18000,0x00000000ebe80000)
  to   space 512K, 0% used [0x00000000ebe80000,0x00000000ebe80000,0x00000000ebf00000)
 ParOldGen       total 68608K, used 42819K [0x00000000c0000000, 0x00000000c4300000, 0x00000000eab00000)
  object space 68608K, 62% used [0x00000000c0000000,0x00000000c29d0ed8,0x00000000c4300000)
 Metaspace       used 60055K, committed 61056K, reserved 1105920K
  class space    used 7349K, committed 7808K, reserved 1048576K
}
Event: 66.419 GC heap before
{Heap before GC invocations=43 (full 3):
 PSYoungGen      total 16896K, used 16480K [0x00000000eab00000, 0x00000000ebf00000, 0x0000000100000000)
  eden space 16384K, 100% used [0x00000000eab00000,0x00000000ebb00000,0x00000000ebb00000)
  from space 512K, 18% used [0x00000000ebe00000,0x00000000ebe18000,0x00000000ebe80000)
  to   space 512K, 0% used [0x00000000ebe80000,0x00000000ebe80000,0x00000000ebf00000)
 ParOldGen       total 68608K, used 42819K [0x00000000c0000000, 0x00000000c4300000, 0x00000000eab00000)
  object space 68608K, 62% used [0x00000000c0000000,0x00000000c29d0ed8,0x00000000c4300000)
 Metaspace       used 60069K, committed 61120K, reserved 1105920K
  class space    used 7350K, committed 7808K, reserved 1048576K
}
Event: 66.421 GC heap after
{Heap after GC invocations=43 (full 3):
 PSYoungGen      total 16896K, used 128K [0x00000000eab00000, 0x00000000ebf00000, 0x0000000100000000)
  eden space 16384K, 0% used [0x00000000eab00000,0x00000000eab00000,0x00000000ebb00000)
  from space 512K, 25% used [0x00000000ebe80000,0x00000000ebea0000,0x00000000ebf00000)
  to   space 512K, 0% used [0x00000000ebe00000,0x00000000ebe00000,0x00000000ebe80000)
 ParOldGen       total 68608K, used 42827K [0x00000000c0000000, 0x00000000c4300000, 0x00000000eab00000)
  object space 68608K, 62% used [0x00000000c0000000,0x00000000c29d2ed8,0x00000000c4300000)
 Metaspace       used 60069K, committed 61120K, reserved 1105920K
  class space    used 7350K, committed 7808K, reserved 1048576K
}
Event: 67.597 GC heap before
{Heap before GC invocations=44 (full 3):
 PSYoungGen      total 16896K, used 16512K [0x00000000eab00000, 0x00000000ebf00000, 0x0000000100000000)
  eden space 16384K, 100% used [0x00000000eab00000,0x00000000ebb00000,0x00000000ebb00000)
  from space 512K, 25% used [0x00000000ebe80000,0x00000000ebea0000,0x00000000ebf00000)
  to   space 512K, 0% used [0x00000000ebe00000,0x00000000ebe00000,0x00000000ebe80000)
 ParOldGen       total 68608K, used 42827K [0x00000000c0000000, 0x00000000c4300000, 0x00000000eab00000)
  object space 68608K, 62% used [0x00000000c0000000,0x00000000c29d2ed8,0x00000000c4300000)
 Metaspace       used 60187K, committed 61184K, reserved 1105920K
  class space    used 7364K, committed 7808K, reserved 1048576K
}
Event: 67.598 GC heap after
{Heap after GC invocations=44 (full 3):
 PSYoungGen      total 16896K, used 160K [0x00000000eab00000, 0x00000000ebf00000, 0x0000000100000000)
  eden space 16384K, 0% used [0x00000000eab00000,0x00000000eab00000,0x00000000ebb00000)
  from space 512K, 31% used [0x00000000ebe00000,0x00000000ebe28000,0x00000000ebe80000)
  to   space 512K, 0% used [0x00000000ebe80000,0x00000000ebe80000,0x00000000ebf00000)
 ParOldGen       total 68608K, used 42859K [0x00000000c0000000, 0x00000000c4300000, 0x00000000eab00000)
  object space 68608K, 62% used [0x00000000c0000000,0x00000000c29daed8,0x00000000c4300000)
 Metaspace       used 60187K, committed 61184K, reserved 1105920K
  class space    used 7364K, committed 7808K, reserved 1048576K
}
Event: 69.155 GC heap before
{Heap before GC invocations=45 (full 3):
 PSYoungGen      total 16896K, used 16544K [0x00000000eab00000, 0x00000000ebf00000, 0x0000000100000000)
  eden space 16384K, 100% used [0x00000000eab00000,0x00000000ebb00000,0x00000000ebb00000)
  from space 512K, 31% used [0x00000000ebe00000,0x00000000ebe28000,0x00000000ebe80000)
  to   space 512K, 0% used [0x00000000ebe80000,0x00000000ebe80000,0x00000000ebf00000)
 ParOldGen       total 68608K, used 42859K [0x00000000c0000000, 0x00000000c4300000, 0x00000000eab00000)
  object space 68608K, 62% used [0x00000000c0000000,0x00000000c29daed8,0x00000000c4300000)
 Metaspace       used 60189K, committed 61184K, reserved 1105920K
  class space    used 7364K, committed 7808K, reserved 1048576K
}
Event: 69.156 GC heap after
{Heap after GC invocations=45 (full 3):
 PSYoungGen      total 16896K, used 64K [0x00000000eab00000, 0x00000000ebf00000, 0x0000000100000000)
  eden space 16384K, 0% used [0x00000000eab00000,0x00000000eab00000,0x00000000ebb00000)
  from space 512K, 12% used [0x00000000ebe80000,0x00000000ebe90000,0x00000000ebf00000)
  to   space 512K, 0% used [0x00000000ebe00000,0x00000000ebe00000,0x00000000ebe80000)
 ParOldGen       total 68608K, used 42931K [0x00000000c0000000, 0x00000000c4300000, 0x00000000eab00000)
  object space 68608K, 62% used [0x00000000c0000000,0x00000000c29eced8,0x00000000c4300000)
 Metaspace       used 60189K, committed 61184K, reserved 1105920K
  class space    used 7364K, committed 7808K, reserved 1048576K
}
Event: 69.604 GC heap before
{Heap before GC invocations=46 (full 3):
 PSYoungGen      total 16896K, used 16448K [0x00000000eab00000, 0x00000000ebf00000, 0x0000000100000000)
  eden space 16384K, 100% used [0x00000000eab00000,0x00000000ebb00000,0x00000000ebb00000)
  from space 512K, 12% used [0x00000000ebe80000,0x00000000ebe90000,0x00000000ebf00000)
  to   space 512K, 0% used [0x00000000ebe00000,0x00000000ebe00000,0x00000000ebe80000)
 ParOldGen       total 68608K, used 42931K [0x00000000c0000000, 0x00000000c4300000, 0x00000000eab00000)
  object space 68608K, 62% used [0x00000000c0000000,0x00000000c29eced8,0x00000000c4300000)
 Metaspace       used 60190K, committed 61184K, reserved 1105920K
  class space    used 7364K, committed 7808K, reserved 1048576K
}
Event: 69.604 GC heap after
{Heap after GC invocations=46 (full 3):
 PSYoungGen      total 16896K, used 96K [0x00000000eab00000, 0x00000000ebf00000, 0x0000000100000000)
  eden space 16384K, 0% used [0x00000000eab00000,0x00000000eab00000,0x00000000ebb00000)
  from space 512K, 18% used [0x00000000ebe00000,0x00000000ebe18000,0x00000000ebe80000)
  to   space 512K, 0% used [0x00000000ebe80000,0x00000000ebe80000,0x00000000ebf00000)
 ParOldGen       total 68608K, used 42931K [0x00000000c0000000, 0x00000000c4300000, 0x00000000eab00000)
  object space 68608K, 62% used [0x00000000c0000000,0x00000000c29eced8,0x00000000c4300000)
 Metaspace       used 60190K, committed 61184K, reserved 1105920K
  class space    used 7364K, committed 7808K, reserved 1048576K
}
Event: 70.364 GC heap before
{Heap before GC invocations=47 (full 3):
 PSYoungGen      total 16896K, used 16480K [0x00000000eab00000, 0x00000000ebf00000, 0x0000000100000000)
  eden space 16384K, 100% used [0x00000000eab00000,0x00000000ebb00000,0x00000000ebb00000)
  from space 512K, 18% used [0x00000000ebe00000,0x00000000ebe18000,0x00000000ebe80000)
  to   space 512K, 0% used [0x00000000ebe80000,0x00000000ebe80000,0x00000000ebf00000)
 ParOldGen       total 68608K, used 42931K [0x00000000c0000000, 0x00000000c4300000, 0x00000000eab00000)
  object space 68608K, 62% used [0x00000000c0000000,0x00000000c29eced8,0x00000000c4300000)
 Metaspace       used 60190K, committed 61184K, reserved 1105920K
  class space    used 7364K, committed 7808K, reserved 1048576K
}
Event: 70.364 GC heap after
{Heap after GC invocations=47 (full 3):
 PSYoungGen      total 16896K, used 96K [0x00000000eab00000, 0x00000000ebf00000, 0x0000000100000000)
  eden space 16384K, 0% used [0x00000000eab00000,0x00000000eab00000,0x00000000ebb00000)
  from space 512K, 18% used [0x00000000ebe80000,0x00000000ebe98000,0x00000000ebf00000)
  to   space 512K, 0% used [0x00000000ebe00000,0x00000000ebe00000,0x00000000ebe80000)
 ParOldGen       total 68608K, used 42931K [0x00000000c0000000, 0x00000000c4300000, 0x00000000eab00000)
  object space 68608K, 62% used [0x00000000c0000000,0x00000000c29eced8,0x00000000c4300000)
 Metaspace       used 60190K, committed 61184K, reserved 1105920K
  class space    used 7364K, committed 7808K, reserved 1048576K
}
Event: 70.737 GC heap before
{Heap before GC invocations=48 (full 3):
 PSYoungGen      total 16896K, used 16480K [0x00000000eab00000, 0x00000000ebf00000, 0x0000000100000000)
  eden space 16384K, 100% used [0x00000000eab00000,0x00000000ebb00000,0x00000000ebb00000)
  from space 512K, 18% used [0x00000000ebe80000,0x00000000ebe98000,0x00000000ebf00000)
  to   space 512K, 0% used [0x00000000ebe00000,0x00000000ebe00000,0x00000000ebe80000)
 ParOldGen       total 68608K, used 42931K [0x00000000c0000000, 0x00000000c4300000, 0x00000000eab00000)
  object space 68608K, 62% used [0x00000000c0000000,0x00000000c29eced8,0x00000000c4300000)
 Metaspace       used 60192K, committed 61184K, reserved 1105920K
  class space    used 7364K, committed 7808K, reserved 1048576K
}
Event: 70.738 GC heap after
{Heap after GC invocations=48 (full 3):
 PSYoungGen      total 16896K, used 96K [0x00000000eab00000, 0x00000000ebf00000, 0x0000000100000000)
  eden space 16384K, 0% used [0x00000000eab00000,0x00000000eab00000,0x00000000ebb00000)
  from space 512K, 18% used [0x00000000ebe00000,0x00000000ebe18000,0x00000000ebe80000)
  to   space 512K, 0% used [0x00000000ebe80000,0x00000000ebe80000,0x00000000ebf00000)
 ParOldGen       total 68608K, used 42931K [0x00000000c0000000, 0x00000000c4300000, 0x00000000eab00000)
  object space 68608K, 62% used [0x00000000c0000000,0x00000000c29eced8,0x00000000c4300000)
 Metaspace       used 60192K, committed 61184K, reserved 1105920K
  class space    used 7364K, committed 7808K, reserved 1048576K
}
Event: 71.113 GC heap before
{Heap before GC invocations=49 (full 3):
 PSYoungGen      total 16896K, used 16480K [0x00000000eab00000, 0x00000000ebf00000, 0x0000000100000000)
  eden space 16384K, 100% used [0x00000000eab00000,0x00000000ebb00000,0x00000000ebb00000)
  from space 512K, 18% used [0x00000000ebe00000,0x00000000ebe18000,0x00000000ebe80000)
  to   space 512K, 0% used [0x00000000ebe80000,0x00000000ebe80000,0x00000000ebf00000)
 ParOldGen       total 68608K, used 42931K [0x00000000c0000000, 0x00000000c4300000, 0x00000000eab00000)
  object space 68608K, 62% used [0x00000000c0000000,0x00000000c29eced8,0x00000000c4300000)
 Metaspace       used 60194K, committed 61184K, reserved 1105920K
  class space    used 7364K, committed 7808K, reserved 1048576K
}
Event: 71.114 GC heap after
{Heap after GC invocations=49 (full 3):
 PSYoungGen      total 16896K, used 96K [0x00000000eab00000, 0x00000000ebf00000, 0x0000000100000000)
  eden space 16384K, 0% used [0x00000000eab00000,0x00000000eab00000,0x00000000ebb00000)
  from space 512K, 18% used [0x00000000ebe80000,0x00000000ebe98000,0x00000000ebf00000)
  to   space 512K, 0% used [0x00000000ebe00000,0x00000000ebe00000,0x00000000ebe80000)
 ParOldGen       total 68608K, used 42931K [0x00000000c0000000, 0x00000000c4300000, 0x00000000eab00000)
  object space 68608K, 62% used [0x00000000c0000000,0x00000000c29eced8,0x00000000c4300000)
 Metaspace       used 60194K, committed 61184K, reserved 1105920K
  class space    used 7364K, committed 7808K, reserved 1048576K
}
Event: 72.268 GC heap before
{Heap before GC invocations=50 (full 3):
 PSYoungGen      total 16896K, used 16480K [0x00000000eab00000, 0x00000000ebf00000, 0x0000000100000000)
  eden space 16384K, 100% used [0x00000000eab00000,0x00000000ebb00000,0x00000000ebb00000)
  from space 512K, 18% used [0x00000000ebe80000,0x00000000ebe98000,0x00000000ebf00000)
  to   space 512K, 0% used [0x00000000ebe00000,0x00000000ebe00000,0x00000000ebe80000)
 ParOldGen       total 68608K, used 42931K [0x00000000c0000000, 0x00000000c4300000, 0x00000000eab00000)
  object space 68608K, 62% used [0x00000000c0000000,0x00000000c29eced8,0x00000000c4300000)
 Metaspace       used 60195K, committed 61184K, reserved 1105920K
  class space    used 7364K, committed 7808K, reserved 1048576K
}
Event: 72.268 GC heap after
{Heap after GC invocations=50 (full 3):
 PSYoungGen      total 16896K, used 128K [0x00000000eab00000, 0x00000000ebf00000, 0x0000000100000000)
  eden space 16384K, 0% used [0x00000000eab00000,0x00000000eab00000,0x00000000ebb00000)
  from space 512K, 25% used [0x00000000ebe00000,0x00000000ebe20000,0x00000000ebe80000)
  to   space 512K, 0% used [0x00000000ebe80000,0x00000000ebe80000,0x00000000ebf00000)
 ParOldGen       total 68608K, used 42955K [0x00000000c0000000, 0x00000000c4300000, 0x00000000eab00000)
  object space 68608K, 62% used [0x00000000c0000000,0x00000000c29f2ed8,0x00000000c4300000)
 Metaspace       used 60195K, committed 61184K, reserved 1105920K
  class space    used 7364K, committed 7808K, reserved 1048576K
}
Event: 73.066 GC heap before
{Heap before GC invocations=51 (full 3):
 PSYoungGen      total 16896K, used 16512K [0x00000000eab00000, 0x00000000ebf00000, 0x0000000100000000)
  eden space 16384K, 100% used [0x00000000eab00000,0x00000000ebb00000,0x00000000ebb00000)
  from space 512K, 25% used [0x00000000ebe00000,0x00000000ebe20000,0x00000000ebe80000)
  to   space 512K, 0% used [0x00000000ebe80000,0x00000000ebe80000,0x00000000ebf00000)
 ParOldGen       total 68608K, used 42955K [0x00000000c0000000, 0x00000000c4300000, 0x00000000eab00000)
  object space 68608K, 62% used [0x00000000c0000000,0x00000000c29f2ed8,0x00000000c4300000)
 Metaspace       used 60195K, committed 61184K, reserved 1105920K
  class space    used 7364K, committed 7808K, reserved 1048576K
}
Event: 73.067 GC heap after
{Heap after GC invocations=51 (full 3):
 PSYoungGen      total 16896K, used 96K [0x00000000eab00000, 0x00000000ebf00000, 0x0000000100000000)
  eden space 16384K, 0% used [0x00000000eab00000,0x00000000eab00000,0x00000000ebb00000)
  from space 512K, 18% used [0x00000000ebe80000,0x00000000ebe98000,0x00000000ebf00000)
  to   space 512K, 0% used [0x00000000ebe00000,0x00000000ebe00000,0x00000000ebe80000)
 ParOldGen       total 68608K, used 42963K [0x00000000c0000000, 0x00000000c4300000, 0x00000000eab00000)
  object space 68608K, 62% used [0x00000000c0000000,0x00000000c29f4ed8,0x00000000c4300000)
 Metaspace       used 60195K, committed 61184K, reserved 1105920K
  class space    used 7364K, committed 7808K, reserved 1048576K
}

